2018/05/22 12:34:31 にビルドを開始しました。
     1>ノード 2 上のプロジェクト "C:\Users\men\Documents\GitHub\ShiningRoadProject\ShiningRoadProject\ShiningRoadProject.vcxproj" (Rebuild ターゲット)。
     1>FxCompile:
         C:\Program Files (x86)\Windows Kits\8.1\bin\x86\fxc.exe /nologo /E"VS" /T vs_5_0 /Fo "C:\Users\men\Documents\GitHub\ShiningRoadProject\Release\DebugText.cso" Shader\DebugText.hlsl 
         compilation object save succeeded; see C:\Users\men\Documents\GitHub\ShiningRoadProject\Release\DebugText.cso
         C:\Program Files (x86)\Windows Kits\8.1\bin\x86\fxc.exe /nologo /E"VS_Main" /T vs_5_0 /Fo "C:\Users\men\Documents\GitHub\ShiningRoadProject\Release\Mesh.cso" Shader\Mesh.hlsl 
     1>C:\Users\men\Documents\GitHub\ShiningRoadProject\ShiningRoadProject\Shader\Mesh.hlsl(62,9-35): warning X3206: implicit truncation of vector type
     1>C:\Users\men\Documents\GitHub\ShiningRoadProject\ShiningRoadProject\Shader\Mesh.hlsl(75,30-44): warning X3206: implicit truncation of vector type
     1>C:\Users\men\Documents\GitHub\ShiningRoadProject\ShiningRoadProject\Shader\Mesh.hlsl(168,2-31): warning X3206: implicit truncation of vector type
     1>C:\Users\men\Documents\GitHub\ShiningRoadProject\ShiningRoadProject\Shader\Mesh.hlsl(174,9-35): warning X3206: implicit truncation of vector type
     1>C:\Users\men\Documents\GitHub\ShiningRoadProject\ShiningRoadProject\Shader\Mesh.hlsl(184,30-44): warning X3206: implicit truncation of vector type
         
         compilation object save succeeded; see C:\Users\men\Documents\GitHub\ShiningRoadProject\Release\Mesh.cso
         C:\Program Files (x86)\Windows Kits\8.1\bin\x86\fxc.exe /nologo /E"VSSkin" /T vs_5_0 /Fo "C:\Users\men\Documents\GitHub\ShiningRoadProject\Release\MeshSkin.cso" Shader\MeshSkin.hlsl 
     1>C:\Users\men\Documents\GitHub\ShiningRoadProject\ShiningRoadProject\Shader\MeshSkin.hlsl(110,9-40): warning X3206: implicit truncation of vector type
     1>C:\Users\men\Documents\GitHub\ShiningRoadProject\ShiningRoadProject\Shader\MeshSkin.hlsl(111,9-44): warning X3206: implicit truncation of vector type
     1>C:\Users\men\Documents\GitHub\ShiningRoadProject\ShiningRoadProject\Shader\MeshSkin.hlsl(112,30-46): warning X3206: implicit truncation of vector type
     1>C:\Users\men\Documents\GitHub\ShiningRoadProject\ShiningRoadProject\Shader\MeshSkin.hlsl(116,30-44): warning X3206: implicit truncation of vector type
         
         compilation object save succeeded; see C:\Users\men\Documents\GitHub\ShiningRoadProject\Release\MeshSkin.cso
         C:\Program Files (x86)\Windows Kits\8.1\bin\x86\fxc.exe /nologo /E"VS" /T vs_5_0 /Fo "C:\Users\men\Documents\GitHub\ShiningRoadProject\Release\PointSprite.cso" Shader\PointSprite.hlsl 
         compilation object save succeeded; see C:\Users\men\Documents\GitHub\ShiningRoadProject\Release\PointSprite.cso
         C:\Program Files (x86)\Windows Kits\8.1\bin\x86\fxc.exe /nologo /E"VS" /T vs_5_0 /Fo "C:\Users\men\Documents\GitHub\ShiningRoadProject\Release\Ray.cso" Shader\Ray.hlsl 
         compilation object save succeeded; see C:\Users\men\Documents\GitHub\ShiningRoadProject\Release\Ray.cso
         C:\Program Files (x86)\Windows Kits\8.1\bin\x86\fxc.exe /nologo /E"VS_Main" /T vs_5_0 /Fo "C:\Users\men\Documents\GitHub\ShiningRoadProject\Release\Sprite2D.cso" Shader\Sprite2D.hlsl 
         compilation object save succeeded; see C:\Users\men\Documents\GitHub\ShiningRoadProject\Release\Sprite2D.cso
       ClCompile:
         C:\Program Files (x86)\Microsoft Visual Studio 12.0\VC\bin\CL.exe /c /ISourceCodo\Effekseer\include /Zi /nologo /W3 /WX- /sdl /Od /Oy /D _MBCS /Gm- /EHsc /MT /GS /Gy /fp:precise /Zc:wchar_t /Zc:forScope /Fo"Release\\" /Fd"Release\vc120.pdb" /Gd /TP /analyze- /errorReport:prompt SourceCodo\Camera.cpp SourceCodo\CameraAssemble.cpp SourceCodo\CameraEnding.cpp SourceCodo\CameraGameOver.cpp SourceCodo\CameraMission.cpp SourceCodo\CameraTitle.cpp SourceCodo\CD3DXSKINMESH.cpp SourceCodo\Charactor.cpp SourceCodo\CharaStatic.cpp SourceCodo\Common.cpp SourceCodo\DebugText.cpp SourceCodo\DX9Mesh.cpp SourceCodo\DxInput.cpp SourceCodo\Effects.cpp SourceCodo\FactoryCamera.cpp SourceCodo\FactoryScene.cpp SourceCodo\File.cpp SourceCodo\Game.cpp SourceCodo\GameObject.cpp SourceCodo\Main.cpp SourceCodo\Object.cpp SourceCodo\PtrGroup.cpp SourceCodo\Ray.cpp SourceCodo\Resource.cpp SourceCodo\Robo.cpp SourceCodo\SceneAssemble.cpp SourceCodo\SceneClass.cpp SourceCodo\SceneEnding.cpp SourceCodo\SceneGameOver.cpp SourceCodo\SceneMission.cpp SourceCodo\SceneTitle.cpp SourceCodo\SkinMesh.cpp SourceCodo\Sound.cpp SourceCodo\SoundManager.cpp SourceCodo\Sprite.cpp SourceCodo\Sprite2D.cpp SourceCodo\Sprite2DCenter.cpp SourceCodo\TestObj.cpp
         Camera.cpp
         CameraAssemble.cpp
         CameraEnding.cpp
         CameraGameOver.cpp
         CameraMission.cpp
         CameraTitle.cpp
         CD3DXSKINMESH.cpp
         Charactor.cpp
     1>c:\users\men\documents\github\shiningroadproject\shiningroadproject\sourcecodo\Charactor.h(58): warning C4244: '引数' : 'int' から 'const float' への変換です。データが失われる可能性があります。
     1>c:\users\men\documents\github\shiningroadproject\shiningroadproject\sourcecodo\Charactor.h(63): warning C4244: '=' : 'const float' から 'int' への変換です。データが失われる可能性があります。
     1>SourceCodo\Charactor.cpp(92): warning C4244: '引数' : 'int' から 'FLOAT' への変換です。データが失われる可能性があります。
     1>SourceCodo\Charactor.cpp(119): warning C4244: '引数' : 'int' から 'const float' への変換です。データが失われる可能性があります。
     1>SourceCodo\Charactor.cpp(178): warning C4305: '初期化中' : 'unsigned int' から 'float' へ切り詰めます。
     1>SourceCodo\Charactor.cpp(220): warning C4305: '-=' : 'double' から 'float' へ切り詰めます。
     1>SourceCodo\Charactor.cpp(224): warning C4305: '+=' : 'double' から 'float' へ切り詰めます。
     1>SourceCodo\Charactor.cpp(229): warning C4305: '-=' : 'double' から 'float' へ切り詰めます。
     1>SourceCodo\Charactor.cpp(233): warning C4305: '+=' : 'double' から 'float' へ切り詰めます。
         CharaStatic.cpp
         Common.cpp
         DebugText.cpp
         DX9Mesh.cpp
         DxInput.cpp
         C:\Program Files (x86)\Microsoft DirectX SDK (June 2010)\Include\dinput.h: DIRECTINPUT_VERSION undefined. Defaulting to version 0x0800
     1>SourceCodo\DxInput.cpp(192): warning C4244: '=' : 'LONG' から 'float' への変換です。データが失われる可能性があります。
     1>SourceCodo\DxInput.cpp(198): warning C4244: '=' : 'LONG' から 'float' への変換です。データが失われる可能性があります。
     1>SourceCodo\DxInput.cpp(205): warning C4244: '引数' : 'LONG' から 'float' への変換です。データが失われる可能性があります。
     1>SourceCodo\DxInput.cpp(233): warning C4244: '=' : 'LONG' から 'float' への変換です。データが失われる可能性があります。
     1>SourceCodo\DxInput.cpp(239): warning C4244: '=' : 'LONG' から 'float' への変換です。データが失われる可能性があります。
     1>SourceCodo\DxInput.cpp(246): warning C4244: '引数' : 'LONG' から 'float' への変換です。データが失われる可能性があります。
         Effects.cpp
         FactoryCamera.cpp
         FactoryScene.cpp
         C:\Program Files (x86)\Microsoft DirectX SDK (June 2010)\Include\dinput.h: DIRECTINPUT_VERSION undefined. Defaulting to version 0x0800
     1>c:\users\men\documents\github\shiningroadproject\shiningroadproject\sourcecodo\Charactor.h(58): warning C4244: '引数' : 'int' から 'const float' への変換です。データが失われる可能性があります。
     1>c:\users\men\documents\github\shiningroadproject\shiningroadproject\sourcecodo\Charactor.h(63): warning C4244: '=' : 'const float' から 'int' への変換です。データが失われる可能性があります。
         File.cpp
         Game.cpp
         C:\Program Files (x86)\Microsoft DirectX SDK (June 2010)\Include\dinput.h: DIRECTINPUT_VERSION undefined. Defaulting to version 0x0800
     1>c:\users\men\documents\github\shiningroadproject\shiningroadproject\sourcecodo\Charactor.h(58): warning C4244: '引数' : 'int' から 'const float' への変換です。データが失われる可能性があります。
     1>c:\users\men\documents\github\shiningroadproject\shiningroadproject\sourcecodo\Charactor.h(63): warning C4244: '=' : 'const float' から 'int' への変換です。データが失われる可能性があります。
         GameObject.cpp
         C:\Program Files (x86)\Microsoft DirectX SDK (June 2010)\Include\dinput.h: DIRECTINPUT_VERSION undefined. Defaulting to version 0x0800
     1>c:\users\men\documents\github\shiningroadproject\shiningroadproject\sourcecodo\Charactor.h(58): warning C4244: '引数' : 'int' から 'const float' への変換です。データが失われる可能性があります。
     1>c:\users\men\documents\github\shiningroadproject\shiningroadproject\sourcecodo\Charactor.h(63): warning C4244: '=' : 'const float' から 'int' への変換です。データが失われる可能性があります。
         Main.cpp
         C:\Program Files (x86)\Microsoft DirectX SDK (June 2010)\Include\dinput.h: DIRECTINPUT_VERSION undefined. Defaulting to version 0x0800
     1>c:\users\men\documents\github\shiningroadproject\shiningroadproject\sourcecodo\Charactor.h(58): warning C4244: '引数' : 'int' から 'const float' への変換です。データが失われる可能性があります。
     1>c:\users\men\documents\github\shiningroadproject\shiningroadproject\sourcecodo\Charactor.h(63): warning C4244: '=' : 'const float' から 'int' への変換です。データが失われる可能性があります。
         コードを生成中...
         コンパイル中...
         Object.cpp
     1>SourceCodo\Object.cpp(160): warning C4305: '-=' : 'double' から 'float' へ切り詰めます。
     1>SourceCodo\Object.cpp(204): warning C4101: 'fDistance' : ローカル変数は 1 度も使われていません。
     1>SourceCodo\Object.cpp(229): warning C4101: 'fDistance' : ローカル変数は 1 度も使われていません。
     1>SourceCodo\Object.cpp(307): warning C4101: 'fDistance' : ローカル変数は 1 度も使われていません。
     1>SourceCodo\Object.cpp(384): warning C4101: 'fDistance' : ローカル変数は 1 度も使われていません。
     1>SourceCodo\Object.cpp(462): warning C4101: 'fDistance' : ローカル変数は 1 度も使われていません。
     1>SourceCodo\Object.cpp(539): warning C4101: 'fDistance' : ローカル変数は 1 度も使われていません。
     1>SourceCodo\Object.cpp(570): warning C4101: 'fDistance' : ローカル変数は 1 度も使われていません。
         PtrGroup.cpp
         C:\Program Files (x86)\Microsoft DirectX SDK (June 2010)\Include\dinput.h: DIRECTINPUT_VERSION undefined. Defaulting to version 0x0800
         Ray.cpp
         Resource.cpp
         Robo.cpp
     1>c:\users\men\documents\github\shiningroadproject\shiningroadproject\sourcecodo\Charactor.h(58): warning C4244: '引数' : 'int' から 'const float' への変換です。データが失われる可能性があります。
     1>c:\users\men\documents\github\shiningroadproject\shiningroadproject\sourcecodo\Charactor.h(63): warning C4244: '=' : 'const float' から 'int' への変換です。データが失われる可能性があります。
         C:\Program Files (x86)\Microsoft DirectX SDK (June 2010)\Include\dinput.h: DIRECTINPUT_VERSION undefined. Defaulting to version 0x0800
     1>SourceCodo\Robo.cpp(115): warning C4244: '初期化中' : 'float' から 'int' への変換です。データが失われる可能性があります。
         SceneAssemble.cpp
         C:\Program Files (x86)\Microsoft DirectX SDK (June 2010)\Include\dinput.h: DIRECTINPUT_VERSION undefined. Defaulting to version 0x0800
         SceneClass.cpp
         C:\Program Files (x86)\Microsoft DirectX SDK (June 2010)\Include\dinput.h: DIRECTINPUT_VERSION undefined. Defaulting to version 0x0800
         SceneEnding.cpp
         C:\Program Files (x86)\Microsoft DirectX SDK (June 2010)\Include\dinput.h: DIRECTINPUT_VERSION undefined. Defaulting to version 0x0800
         SceneGameOver.cpp
         C:\Program Files (x86)\Microsoft DirectX SDK (June 2010)\Include\dinput.h: DIRECTINPUT_VERSION undefined. Defaulting to version 0x0800
         SceneMission.cpp
         C:\Program Files (x86)\Microsoft DirectX SDK (June 2010)\Include\dinput.h: DIRECTINPUT_VERSION undefined. Defaulting to version 0x0800
     1>c:\users\men\documents\github\shiningroadproject\shiningroadproject\sourcecodo\Charactor.h(58): warning C4244: '引数' : 'int' から 'const float' への変換です。データが失われる可能性があります。
     1>c:\users\men\documents\github\shiningroadproject\shiningroadproject\sourcecodo\Charactor.h(63): warning C4244: '=' : 'const float' から 'int' への変換です。データが失われる可能性があります。
     1>SourceCodo\SceneMission.cpp(36): warning C4305: '引数' : 'double' から 'FLOAT' へ切り詰めます。
         SceneTitle.cpp
         C:\Program Files (x86)\Microsoft DirectX SDK (June 2010)\Include\dinput.h: DIRECTINPUT_VERSION undefined. Defaulting to version 0x0800
         SkinMesh.cpp
     1>SourceCodo\SkinMesh.cpp(19): warning C4227: 旧形式が使用されています : 参照の修飾子は無視されます。
     1>SourceCodo\SkinMesh.cpp(20): warning C4227: 旧形式が使用されています : 参照の修飾子は無視されます。
     1>SourceCodo\SkinMesh.cpp(21): warning C4227: 旧形式が使用されています : 参照の修飾子は無視されます。
     1>SourceCodo\SkinMesh.cpp(22): warning C4227: 旧形式が使用されています : 参照の修飾子は無視されます。
         Sound.cpp
         SoundManager.cpp
         Sprite.cpp
         Sprite2D.cpp
         Sprite2DCenter.cpp
         TestObj.cpp
     1>c:\users\men\documents\github\shiningroadproject\shiningroadproject\sourcecodo\Charactor.h(58): warning C4244: '引数' : 'int' から 'const float' への変換です。データが失われる可能性があります。
     1>c:\users\men\documents\github\shiningroadproject\shiningroadproject\sourcecodo\Charactor.h(63): warning C4244: '=' : 'const float' から 'int' への変換です。データが失われる可能性があります。
         C:\Program Files (x86)\Microsoft DirectX SDK (June 2010)\Include\dinput.h: DIRECTINPUT_VERSION undefined. Defaulting to version 0x0800
     1>c:\users\men\documents\github\shiningroadproject\shiningroadproject\sourcecodo\InputCharactor.h(51): warning C4305: '+=' : 'double' から 'float' へ切り詰めます。
     1>c:\users\men\documents\github\shiningroadproject\shiningroadproject\sourcecodo\InputCharactor.h(72): warning C4244: '+=' : 'double' から 'float' への変換です。データが失われる可能性があります。
     1>c:\users\men\documents\github\shiningroadproject\shiningroadproject\sourcecodo\InputCharactor.h(77): warning C4244: '+=' : 'double' から 'float' への変換です。データが失われる可能性があります。
     1>c:\users\men\documents\github\shiningroadproject\shiningroadproject\sourcecodo\InputCharactor.h(99): warning C4244: '+=' : 'double' から 'float' への変換です。データが失われる可能性があります。
     1>c:\users\men\documents\github\shiningroadproject\shiningroadproject\sourcecodo\InputCharactor.h(103): warning C4244: '+=' : 'double' から 'float' への変換です。データが失われる可能性があります。
         コードを生成中...
       Link:
         C:\Program Files (x86)\Microsoft Visual Studio 12.0\VC\bin\link.exe /ERRORREPORT:PROMPT /OUT:"C:\Users\men\Documents\GitHub\ShiningRoadProject\Release\ShiningRoadProject.exe" /NOLOGO /LIBPATH:SourceCodo\Effekseer\lib kernel32.lib user32.lib gdi32.lib winspool.lib comdlg32.lib advapi32.lib shell32.lib ole32.lib oleaut32.lib uuid.lib odbc32.lib odbccp32.lib /MANIFEST /MANIFESTUAC:"level='asInvoker' uiAccess='false'" /manifest:embed /DEBUG /PDB:"C:\Users\men\Documents\GitHub\ShiningRoadProject\Release\ShiningRoadProject.pdb" /OPT:REF /OPT:ICF /TLBID:1 /DYNAMICBASE /NXCOMPAT /IMPLIB:"C:\Users\men\Documents\GitHub\ShiningRoadProject\Release\ShiningRoadProject.lib" /MACHINE:X86 /SAFESEH Release\Camera.obj
         Release\CameraAssemble.obj
         Release\CameraEnding.obj
         Release\CameraGameOver.obj
         Release\CameraMission.obj
         Release\CameraTitle.obj
         Release\CD3DXSKINMESH.obj
         Release\Charactor.obj
         Release\CharaStatic.obj
         Release\Common.obj
         Release\DebugText.obj
         Release\DX9Mesh.obj
         Release\DxInput.obj
         Release\Effects.obj
         Release\FactoryCamera.obj
         Release\FactoryScene.obj
         Release\File.obj
         Release\Game.obj
         Release\GameObject.obj
         Release\Main.obj
         Release\Object.obj
         Release\PtrGroup.obj
         Release\Ray.obj
         Release\Resource.obj
         Release\Robo.obj
         Release\SceneAssemble.obj
         Release\SceneClass.obj
         Release\SceneEnding.obj
         Release\SceneGameOver.obj
         Release\SceneMission.obj
         Release\SceneTitle.obj
         Release\SkinMesh.obj
         Release\Sound.obj
         Release\SoundManager.obj
         Release\Sprite.obj
         Release\Sprite2D.obj
         Release\Sprite2DCenter.obj
         Release\TestObj.obj
         ShiningRoadProject.vcxproj -> C:\Users\men\Documents\GitHub\ShiningRoadProject\Release\ShiningRoadProject.exe
     1>プロジェクト "C:\Users\men\Documents\GitHub\ShiningRoadProject\ShiningRoadProject\ShiningRoadProject.vcxproj" (Rebuild ターゲット) のビルドが完了しました。

ビルドに成功しました。

経過時間 00:00:15.86
